Upsampled Yes: 7412
Train Samples: 14824
Test Samples: 2001
Test Accuracy: 0.9180
Test Classification Report:
              precision    recall  f1-score   support

           0       0.93      0.99      0.96      1853
           1       0.10      0.01      0.02       148

    accuracy                           0.92      2001
   macro avg       0.51      0.50      0.49      2001
weighted avg       0.87      0.92      0.89      2001

Test Confusion Matrix:
[[1835   18]
 [ 146    2]]
Misclassified Examples:
Text: 哈哈哈，老六
Predicted Label: 1
True Label: 0

Text: 这官方骚操作都这么多嘛[裂开]
Predicted Label: 1
True Label: 0

Text: #网红打卡地辽宁杠杠滴# #记录温暖瞬间 辽宁身边人身边事# [打call]
Predicted Label: 1
True Label: 0

Text: [围观][赞啊]#美丽中国美好生活# #带着微博去旅行# #城市巡游记# 
Predicted Label: 1
True Label: 0

Text: 哈哈哈 可不管怎么样你都会对音乐保留一份天真 所以我很喜欢
Predicted Label: 1
True Label: 0

Text: #夏季治安打击整治百日行动# 【全民禁毒 共享幸福】商丘公安深入开展夏季治安打击整治“百日行动”，全面深化“清源断流”，增强全民禁毒意识和抵制毒品的能力，营造人人参与禁毒的良好氛围。让我们行动起来，共同为拒绝毒品代言。[心]@平安中原 @中原盾 @河南日报 @警民携手同行 @中国警察网  
Predicted Label: 1
True Label: 0

Text: #阳光信用[超话]# [冰墩墩]#每日一善# [冰墩墩]#阳光信用#  我想说的是，时间一定会把我们生命中的碎屑带走，漂远。而把真正重要的事物和感情，替我们留下和保存。最终你看到这个存在，是心中一座暗绿色高耸山脉。沉静，安宁，不需任何言说。不要抱怨与哀叹，不必嫉俗与愤世，只有当心灵坚强了，心头那 
Predicted Label: 1
True Label: 0

Text: 【华阴交警开展暑期旅游客运安全大检查】 暑期旅游旺季，自驾游、旅游包车猛增。为了给广大游客创造安全、有序的交通环境，全力推进“百日行动”，7月27日，华阴交警大队华山中队深入辖区旅游客运公司开展交通安全大检查活动，筑牢暑期旅游交通安全防护网。本次旅游客运安全大检查行动，落实隐患整改2 
Predicted Label: 1
True Label: 0

Text: #扫黑除恶，打击黑恶势力保护伞##吉林省李秋伟冤案#吉林省榆树市李秋伟33年前被刑讯逼供冤案，12年后第1次重审改判无罪；因追责，检察院造假抗诉书，无罪10年后中院对一样的第2、3次重审再判有罪，2次重审（违法）撤销，3次维持（合法）。  
Predicted Label: 1
True Label: 0

Text: 这招对付各种无理傻拳师确实好，抢夺手机属抢劫行为，只好把她好好控制起来就可以不要打，比如锁其喉，扭其腕控制好就行。[good][good]
Predicted Label: 1
True Label: 0

Text: [摊手]
Predicted Label: 1
True Label: 0

Text: 难怪香港警察最近才抓人搜出900公斤大麻，有市场了,毒贩都可以标榜”舒缓新冠后遗症”[摊手]
Predicted Label: 1
True Label: 0

Text: 理论可以探讨，但不宜预设前提，毕竟这是合法的征求意见阶段[good]
Predicted Label: 1
True Label: 0

Text: #目击者回应女子被男子拖进厕所#越来越怀疑“法治社会”这四个字
Predicted Label: 1
True Label: 0

Text: 【投稿】房屋建筑类问题可以问吗？家里最近装修房子，想把图中橙色箭头标的那块直角墙拆掉，就是阳台门和一扇窗户所在的那两面墙，听说实线画的才是承重墙不能敲，有没有学建筑的uu看看这个图纸这里是能拆的吗？问了物业物业也不知道然后说最好别敲，所以想听听学建筑的uu怎么说，辛苦了！🍦🍦🍦 
Predicted Label: 1
True Label: 0

Text: 试试
Predicted Label: 1
True Label: 0

Text: #百日行动##节日我在岗#  2022年9月11日，榆林高交定靖大队组织民辅警开展专项整治百日行动及夜查统一行动，在各收费站外广场重点检查“两客一危一货”车辆，严查疲劳驾驶、超速、超员、货车不按规定车道行驶、违法应急车道停车等交通违法行为，净化道路通行环境。@榆林交警 
Predicted Label: 1
True Label: 0

Text: #夏季治安打击整治百日行动# 【开展反恐防暴培训演练 筑牢校园安全防线】为深入开展夏季治安打击整治“百日行动”，全面做好平安校园建设，有效提高学校师生安全防范能力，增强自我保护意识，营造良好的校园治安环境。近日，鄢陵县公安局警务实战教官组应邀到张桥镇开展校园反暴恐训练活动。通过培训和 
Predicted Label: 1
True Label: 0

Text: 从上午的走势来看，三大指数继续出现调整！到今天已经5连阴了，确实表现的不强！但其实从盘中来看，指数已经出现抵抗的迹象，这一点从盘中的宽振幅就可以发现！而且目前来看市场的下跌力度进一步减弱，所以就算今天市场不反弹我认为也不会太差！目前仍然维持市场酝酿反弹的预判！ 另外从盘中来看，互联 
Predicted Label: 0
True Label: 1

Text: 恐怖，不过好在本来也不是他们的时代了
Predicted Label: 0
True Label: 1

Text: / 【欠债不还，操控法院不立案】江苏国泰张子燕：我已尽提醒义务，下一步看你运气了，法律找你，后果你懂。你对手是反腐制度，我是受害人，不是你对手。你自己要搞明白：欠债已法定，你与美国政府一样耍流氓也赖不掉。@张家港法院 @最高人民法院 @最高人民检察院 @江苏省高级人民法院 @恒立电工3
Predicted Label: 0
True Label: 1

Text: 核酸加疯狂是一个无知的举措 经济没了 失业人多了 最后疫情又没防住！但是当官的乌纱帽就保住了一一主持人欧亚华 
Predicted Label: 0
True Label: 1

Text: 隔离倒数第二天。 早餐7点30 午餐11点40 晚餐18点20 嗯，有盼头了。 今天接到社区电话，要接我回家了。[泪][泪][泪] 谢谢！请快点！[心][心]🙏🙏 
Predicted Label: 0
True Label: 1

Text: 我都不知道自己到底处于什么状态 在恐惧与看淡之间徘徊 非常矛盾 最近联系冥想 冥想能减轻心里压力 希望明年这个时候还能发博 
Predicted Label: 0
True Label: 1

Text: 哈哈 于是转身向大海走去[老师好]
Predicted Label: 0
True Label: 1

Text: #高质效履行法律监督职责#【以“简案优质办”促刑事诉讼全过程高质效】
Predicted Label: 0
True Label: 1

Text: 核酸赋能吗？
Predicted Label: 0
True Label: 1

Text: 五十星CPI降不下去，五星房价涨不上来，他们都有美好的未来 比烂的时代就看谁能顶到最后了[二哈]
Predicted Label: 0
True Label: 1

Text: #委员提案独生子女父母养老政府解决# 不可能实现的 现在想来，都是空话，用你的时候哄一套一套的，好了就丢到一旁，谁还记得呢？ 我身边独生子女多，我舅妈更是因为这个怀着孕蹲过牢，更别提被强行堕胎的。。。 都随风消散了 
Predicted Label: 0
True Label: 1

Text: 要是真心为青少年儿童身心健康着想就应该让孩子们重返校园，鬼知道你们想干什么？钱还没赚够吗？要不要老百姓给你们捐点？
Predicted Label: 0
True Label: 1

Text: 普恵金融创新失败告终！监管部门失职、渎职，最后来一刀切“关门大吉”让出借人血本无归。郭树清又立新功！可以继续晋升！
Predicted Label: 0
True Label: 1

Text: 【以法治力量稳定预期、提振信心、化解风险】
Predicted Label: 0
True Label: 1

Text: 在学校图书馆小憩一下 迷迷糊糊间梦见醒来之后回到高中时期  真的被吓晕 我现在这个脑子回到高中简直就是雪上加霜[微笑]虽然高中遇见的人还不错 日子也过的想去 但是重高的压力还有我混乱的成绩 真的不想再经历一次 唯一一点遗憾就是我高中那会应该也很漂亮 但是我一直没有意识到这点 也没有穿过漂亮的 
Predicted Label: 0
True Label: 1

Text: 周一到周五，加班。  周六休息日，加班。  我只想谈恋爱，我这无处释放的恋爱脑。  我什么时候才能谈恋爱啊啊啊啊啊啊啊。 
Predicted Label: 0
True Label: 1

Text: 省委省政府的调查组，我信。 中央的我更信。  网上都是扯淡。 虽然我没懂现在网上在吵什么，等段时间看结果吧。 
Predicted Label: 0
True Label: 1

Text: 已经没有正常的渠道了[汗]
Predicted Label: 0
True Label: 1

Text: 🙃
Predicted Label: 0
True Label: 1

Text: #张雪峰新闻学之争你支持谁# 20年山东化生地623分 也算半个理科生+普通家庭 我还是从理工科转到新闻专业的[揣手] 之前有人问过我为什么从就业好的专业转到新闻 我说因为做不到自己喜欢的事情 即使生活得再好也是空洞的、没有灵魂的 我不想在我离开这个世界的时候充满的是没有勇敢“追”过某件事的遗憾  
Predicted Label: 0
True Label: 1

Text: 疯狂内卷一年后，留白效应同样适用。身处内卷中，我们常常感到力不从心，并不是因为能力不行，而是在大环境影响下不断自我内耗的结果——因为过度消耗导致疲惫、焦虑，反而陷入无限自我否定。  我们应当将时间合理留白，计划给自己一些喘息的空间、给大脑一点放松的时刻，才能保证更充沛的精力消化压力 
Predicted Label: 0
True Label: 1

Text: 是我现在的心境了[泪]
Predicted Label: 0
True Label: 1

Text: 凭什么不让台湾同胞享受我们大陆制度的优越性？
Predicted Label: 0
True Label: 1

Text: 城市不许养大型犬。公安局哪个王八蛋给发的犬证？把人咬成这样还不处死，等着咬你妈啊？
Predicted Label: 0
True Label: 1

Text: 五一都在出去玩，我不想，我想错峰旅游，我想拿五一加班费，还有人甩普吉岛过夜班，就是那种我仰慕已久的快乐旅游加班费过夜费出境费都拉满的班，然而我tm这两天刚好休息期，我好气，我tm想上班[苦涩] 
Predicted Label: 0
True Label: 1

Text: 呼吸内轮转第一天 上班好累[苦涩]尤其是这种没有工资，但是还有作业和考试的上班[允悲] 不想写大病历啊嘤嘤嘤🥺 
Predicted Label: 0
True Label: 1

Text: 这每天忙的黑白颠倒，不，我好像没有睡眠了，我好像好多天没有正儿八经睡觉了，就这还能活了好几天，这个点了我还没睡觉[微笑]关键是我还活的好好的[太开心]一点都不困呢！除了觉得心跳有被压迫以外[微笑]其他一切正常！如果我的心跳有天不幸真被压的起不来了，请告诉菜园某个或者某些老师，否了我准备 
Predicted Label: 0
True Label: 1

Text: 个人看法，正股太垃圾的债，尤其现金流净额长期不支持净利润的，剩下时日不多的转债，最好别去赌它各种强赎。市场辣么多债，何必啊。。
Predicted Label: 0
True Label: 1

Text: #如何看待广财协同培养项目##广财今年协同培养招收千余人# #广东财经大学本升专##请回答1983# #广东省教育局#@广东民生热线@高校有料@四川高校师兄@教育部@广东高校新鲜事@广东高校那些事@共青团中央@广东共青团@中国教育在线@新浪教育@广东高校新鲜事@DV现场@广东民声热线 @广东电视台今日关注热线
Predicted Label: 0
True Label: 1

Text: 越来越难，越来越卷，越来越累，不是天灾，都是人祸。
Predicted Label: 0
True Label: 1

Text: 相关部门出来处理！处罚普通民众的时候，法院监察各种毫不手软！处罚劣质艺人的时候各部门都不说话了！默认明星特权阶层吗#辛巴公司继续爆料近20名明星主播#
Predicted Label: 0
True Label: 1

Text: 啧
Predicted Label: 0
True Label: 1

Text: @侠客岛 @酷风 @雕瞳记事本 @阿贵时评 
Predicted Label: 0
True Label: 1

Text: 唉！全民脱贫这事不要有遗漏！
Predicted Label: 0
True Label: 1

Text: 层层加码，权力滥用！怕什么呢？@国是直通车
Predicted Label: 0
True Label: 1

Text: 没搞错吧？还是要上19天，这个假期放了么？[苦涩][苦涩][苦涩]
Predicted Label: 0
True Label: 1

Text: 👍 最美生态区[微风] 小康文明建设@社会主义核心价值观 富强民主文明和谐
Predicted Label: 0
True Label: 1

Text: 周末通知加班，我的怨气比鬼重[抓狂][抓狂][抓狂]很需要新鲜蔡徐坤[抓狂][抓狂][抓狂][抓狂]@蔡徐坤 
Predicted Label: 0
True Label: 1

Text: 就是说万青路街道办事处纯脑残了 物业大喇叭喊着赶紧下来做核酸，结果下来之后等了半天告诉没试剂纸了，让一百多号人又等了半个多小时，从一点半等到三点，好多老人小孩就那么冻着？ 你说排半天后边队那么多人，你走你还觉得不甘心，站着吧还那么冷，进退维谷 志愿者从早上六点多就一直没吃饭没休息 还 
Predicted Label: 0
True Label: 1

Text: 离了谱了
Predicted Label: 0
True Label: 1

Text: 呵呵
Predicted Label: 0
True Label: 1

Text: 去年十月动态清零也是胸有成竹一动不动。
Predicted Label: 0
True Label: 1

Text: 这种经历我也有过呀，感同身受
Predicted Label: 0
True Label: 1

Text: #城市味蕾战##溧阳#  分享小城春日的美好 🌸 浪漫在于一日三餐 安暖相伴； 少了些 车水马龙 多了些 烟火气息。 
Predicted Label: 0
True Label: 1

Text: 大家都有光明的未来[太开心]
Predicted Label: 0
True Label: 1

Text: 归根结底还是产品利润空间不够，请不起高价的劳动力！
Predicted Label: 0
True Label: 1

Text: 共繁荣
Predicted Label: 0
True Label: 1

Text: 我拖了后腿
Predicted Label: 0
True Label: 1

Text: 能想象吗  我搞了四个小时的报销[晕][晕][晕][晕][晕] 因为一直在给商家打电话催要发票[允悲] 还有就是当时的小票我都留着没有扫码 然后我还要和信用卡对帐  这种报销的事情 对很多人来说就是小事 对我来说怎么那么费劲那么讨厌呢[泪] 
Predicted Label: 0
True Label: 1

Text: 昨天下午加班给双倍调休呢，可是我还是走了，看到了超级美的春天。(今天估计要加班到很晚，可是一点儿也不后悔 
Predicted Label: 0
True Label: 1

Text: 几天热搜不退，难道不觉得丢人和巨大的耻辱吗？反正我现在是一点文化自信都没有了[微笑]人教版教材用了这么多年，至今才被发现文化渗透和羞辱。影视剧审核倒是挺严格的，剧名不符合要改，情节不严谨要删，台词不规范要重配。作为育人根基的教科书却出现如此恶劣内容，相关审核部门是摆设？不应该全体问 
Predicted Label: 0
True Label: 1

Text: 真的是苦了老百姓，傻傻地相信网红抗疫
Predicted Label: 0
True Label: 1

Text: 该行官官相护、无法无天、猖狂至极、我们投诉无门！
Predicted Label: 0
True Label: 1

Text: #存款6万的我裸辞了#看详情才明白，人家是裸辞而已，不是躺平啊，如果20浪荡岁，又单身一人（至少是未婚），我觉得倒是挺正常的，生活压力相对较小，有的是时间去试错、去探索。  而且，人家毕竟至少还有6万存款了，我现在银行卡里700多块钱，微信里10多块钱，支付某里100多块钱，我感觉自己是不是失忆 
Predicted Label: 0
True Label: 1

Text: 操你爹的这些不把人当人的指标，和背后那些制定、通过、执行没有一环提出反对的垃圾上位者
Predicted Label: 0
True Label: 1

Text: 经济的晴雨表。要救的不是下场拉指数。是经济！经济！
Predicted Label: 0
True Label: 1

Text: 还惠台嘛
Predicted Label: 0
True Label: 1

Text: 五月总结 生日月，通勤路上拍了很多🌸 在教练辅助下做了肘倒立，自己肯定是上不去的，腰腹还是缺把劲 恶补木村经典剧和上班摸鱼读天才女友(真是闲到发呆），在最后两周被解放日记狠狠戳到，沉迷到要写几篇观后感的程度 儿童节快乐，要学会每天集齐5分钟快乐，内心可能就是这样一点点被填满的[喵喵] 
Predicted Label: 0
True Label: 1

Text: 我现在真的非常焦虑，尤其是看到网上有些人因为有钱就可以不努力想干嘛干嘛的时候，我不可以这样啊，我的家庭条件虽然说不错但和他们还差的很远，想要缩小贫富差距只能靠努力 
Predicted Label: 0
True Label: 1

Text: 我还挺希望我跟我姐从此各走各的 只要过年亲戚聚会我们碰不上面别把我跟他一起比较就行 处处被压人一头我能痛苦一辈子 
Predicted Label: 0
True Label: 1

Text: 市场成交量还是太少了，没有什么情绪，现在还是板块儿之间的轮动 等大盘到了3250下方再去考虑接权重类，比如白酒代表的大消费等等 还是很看好半导体板块儿的，虽然他没让我挣钱[允悲] 
Predicted Label: 0
True Label: 1

Text: 这一年多以来 我从未如此想提笔写一点东西 我好像陷入了前所未有的中年危机里 36岁 单身 无产  自己赚的比上不足比下有余  上无父母双亲需要赡养 下无子女嗷嗷待哺 没房贷没车贷 按照目前的节奏下去  贷款买个小房 每个月还个三五千块贷款  也不是负担不起  可是就是觉得 感觉一切都来不及了  买了房子 
Predicted Label: 0
True Label: 1

Text: 三个月前买的房子🏠终于有自己的家了～ 这么多年一直在租房子住 做梦都想能有一个属于自己的家 不用在担心交房租 不用担心在搬家 这一路很辛苦 但是只要想到能有一个属于自己的家苦点也很值得…… 所以……今年2022年7.20号我买房子啦～ 只有让自己更有压力 这样我活着才有意义 我想在给自己五年时间 
Predicted Label: 0
True Label: 1

Text: #村镇银行再小也必须保证存款安全# #如何有效保障银行存款安全# #光明网评河南村镇银行取款难# 钱在人在，钱不在大家都会拼命的，毕竟这是大家的血汗钱、血泪钱、救命钱，老百姓合理合法存款不容任何人侵吞
Predicted Label: 0
True Label: 1

Text: 跟哥哥从出生到现在的电话通话时间，估计都没有这一次长。聊工作，房子，爸妈，对象，工资，对未来的规划，还好好多零碎。 我说，你想清楚就去做。 他说，哥哥能够承担起。  但愿一切顺利 
Predicted Label: 0
True Label: 1

Text: 和我妈说我有个之前很熟的小学同学得双相了，这已经是我认识的人里第二个了，抑郁症也有好几个，我只是想和我妈说一下感觉大家压力都好大啊，她说我天天就关心人家，他们就是自己矫情，我别天天和那种人一起玩[悲伤]有没有一种可能，我在别人眼里也是天天丧不拉几的类型，这样说我早被孤立了 
Predicted Label: 0
True Label: 1

Text: 希望新机构能够解决。P2P一刀切以后。几亿金融灾民的资金返还问题！！！ 我们对新一届机构充满期待。也希望能够解决好p2p的善后问题，让我们重拾对党政府的信仰。
Predicted Label: 0
True Label: 1

Text: #国庆假期他们仍坚守岗位# 【咱们用电，他们用心】谁不羡慕祖国电力事业，欧洲都快冻成狗，电价涨了好几倍。看来看去还是祖国好，因为有这样一群可爱的人，坚守岗位用心保障！#甘肃好网民# 用电不忘电力人。  #网络名人走进国网甘肃电力# 甘肃电力人照亮了陇原大地的美好生活，温暖了四季守护了万家灯 
Predicted Label: 0
True Label: 1

Text: 每天都在忍一忍，唉……
Predicted Label: 0
True Label: 1

Text: 如果这是真的…政府，政府在干什么啊[苦涩][苦涩][苦涩]
Predicted Label: 0
True Label: 1

Text: 好硬气
Predicted Label: 0
True Label: 1

Text: 心情很低落，最近突然发现家里缺什么都是用我的钱买，小到做饭用的调味料 牙膏 沐浴球 大到什么猫砂 猫粮 整箱的纸巾，然后本来最近工资又少又不够用，到月底基本都是用花呗。 然后就和同居的男朋友说 猫砂猫粮纸巾都没了 我们一起买 钱就AA，他直接就是一句我不要，我懵了，问为什么，他直接说你的猫 
Predicted Label: 0
True Label: 1

Text: 有时候下班晚了不想挤地铁打车回家的话 过桥的时候 右边会看见江滩的灯光秀 左边是点亮的黄鹤楼 一点点风从车窗吹进来  这时候对武汉的感情感觉会到达顶峰[兔子] 想着 呜呜呜好喜欢武汉 离不开武汉 但是平时冷静或心烦的时候 更多想的是 这破武汉真的烦我[怒] 
Predicted Label: 0
True Label: 1

Text: ？ 它们是怎么成为“决策者”的[二哈]
Predicted Label: 0
True Label: 1

Text: 起起伏伏的一天  这样的我 好像不敢对什么事抱有期望 想要的太多 又偷懒太多 自律即自由 一切过去的得过且过 拖延时间 都让现在的我把选择权交到他人手中 怎么能怪规则呢 只是被压倒在规则下罢了  经历 总会给我们带来一些苦头一些甜头 只是 最近太苦了点 多吃点甜的 可是又长痘[许愿星]服啦！ 
Predicted Label: 0
True Label: 1

Text: 要救特释姚力回家复工复产！严查黑公检法的保护伞
Predicted Label: 0
True Label: 1

Text: 好希望自己成为情绪稳定的女孩子啊，不为了任何事发脾气😊每天快快乐乐没有烦心事[抱一抱]不会头疼不会焦躁[可爱] 
Predicted Label: 0
True Label: 1

Text: 谁坏
Predicted Label: 0
True Label: 1

Text: 从五月份事件出来，河南不认账，银行叫报警～～银监会的王胜邦说，新财富集团犯罪～～桩桩件件展示河南的恶意，如今终于实施了利用公权力打劫。[单身狗][单身狗][单身狗]老百姓还有没有地方可以说理的？真的是官字两张口吗？
Predicted Label: 0
True Label: 1

Text: 18年的经营历史也会关门歇业，这也太难了吧 难道黄金时代真的过去了吗
Predicted Label: 0
True Label: 1

Text: 无敌了呢[围观][围观]
Predicted Label: 0
True Label: 1

Text: 看到社区食堂就好笑，60岁以上老年人10元一餐中餐，看了一下根本没几个人去吃。10块钱一餐也不便宜，老年人有人一天都用不到10块吃饭，你这一餐就10块了，几个人去？做的好看的，最后都演变成社区网格员，社区干事的食堂，还美名其曰老年人食堂，笑话。 没有烟道，一看就是从别处炒好端过来的，又不是 
Predicted Label: 0
True Label: 1

Text: 根子烂了，树叶能长好吗😱😱😱
Predicted Label: 0
True Label: 1

Text: @黄斌 曾经有段话说的非常好，他说美国曾经是他心目中的那种理想国家，但现在，美国离那个理想越来越远。而中国，却越来越像那个理想。我想说，今天中国的治理哲学，和美国共和党的一些精英的治理哲学，是相通的。
Predicted Label: 0
True Label: 1

Text: 🔔复盘：1.收入恢复，但还是不满足，要考虑新方向了。2.穿戴甲假睫毛确实香，省钱！
Predicted Label: 0
True Label: 1

Text: 越是有事要忙的关头越是周末加班晚上加班，活动遍地开花。我kt，我pj，我jk，我绩效，我调研，我领学。叫我可咋整啊。我退出。[拜拜] 
Predicted Label: 0
True Label: 1

Text: 第一次在王冠鲁家过年的日子就要结束咯🔚 真的很幸福 没有一丁点不舒服的地方 🥰 可以放肆的睡懒觉 包的饺子再丑婆婆也觉得很好  想玩烟花 婆婆会给钱让王冠鲁带我去买 🎉 婆婆每天变着法做好吃的 我爱吃火锅 那就六天五顿火锅 🍲 吃饭的时候我一个小动作 公公就把纸放在了我手边 王冠鲁真的是 
Predicted Label: 0
True Label: 1

Text: 刚刚丰台区丰管路甲3号(泥洼地铁站A2西北口步行280米)亿潼隆丰益购物中心大量售卖过期熟食，还以低价出售的方式企图蒙骗消费者，其手段极其恶劣，真是让人不寒而栗，如何能让消费者放心购买。@丰台市场监管 @北京12345 @中国食品安全报社 @首都食品安全周刊 @食品安全法 @CCTV今日说法 @CCTV315  
Predicted Label: 0
True Label: 1

Text: 我就问一句三河政府班子 不封小区就不会做核酸了吗？ 北京上班的不让去不让回，基本这半个多月都是市内人员流动，封城的意义在哪？ #河北##燕郊# 懒政 一刀切 
Predicted Label: 0
True Label: 1

Text: 转发微博
Predicted Label: 0
True Label: 1

Text: 这个科室，前三个季度真的很悠闲，也很好，工资也OK，但是我受不了打压，受不了“年轻就该多上夜班”的道德绑架，可能不等她不喜欢我或者想把我调科，我就辞职了吧。 
Predicted Label: 0
True Label: 1

Text: 上周市场延续震荡调整格局，整体偏弱，盘中行业板块分化严重。指数上，沪指上周假突破，一根大阴线又回到区间底，创业板周线更是六连跌，这边已经调整很多，上周五也已经出现抗跌信号，后市不可麻木看空。A股的疲软主要还是受到外围和大hui的影响，资金偏于谨慎，短期来看市场还要向下寻求支撑，本周上 
Predicted Label: 0
True Label: 1

Text: 想了想2022真的做了蛮多事，找了份工作，八个月工资翻了倍，有望成为全公司晋升最快的人。缓缓剪完了毕业作品写完了开题报告，甚至打算读个博（没有）。心理咨询坚持了一整年，从一周两次到一周一次到两周一次，即使平台倒闭我和咨询师仍旧没有割断联结。阳了也努力照顾自己，正念也偶尔做做，心情好的 
Predicted Label: 0
True Label: 1

Text: 已经一周不用验核酸了 如今乘坐地铁也不查绿码了 不戴口罩的日子应该也快到了吧  那些三年里顾忌着没去的地方 计划着没做的事 挂念着没见的人 都该满怀期待满腔热情去玩去做去完美✅#广州#  
Predicted Label: 0
True Label: 1

Text: 这辈子吃过最难吃的饭就是我妈做的……黄辣丁没有 一丁点盐味，蔬菜炒出来是酸的，油还特别多，卖相还很难看，煮的鱼和菜一锅扔进去乱炖，跟煮猪食一样，真的很浪费食材。所以我这几年天天点外卖包括每年过年也点外卖是有原因的😅 
Predicted Label: 0
True Label: 1

Text: 我在一个草台班子里跑龙套
Predicted Label: 0
True Label: 1

Text: 同胞们！为什么法制社会法制政府法制国家加上司法队伍整顿两轮都检举控告举报投诉了的并且向遂宁市政法委纪委监委检察院四川省高院最高法院都检举控告举报投诉了的枉法办案司法不公正的法官谭生斌两年多了都没有人调查呢？司法教育整顿效果何在？#央视热评##新闻看点# #焦点访谈##今日头条#
Predicted Label: 0
True Label: 1

Text: 没关系我们价值观一样[孤寡青蛙]
Predicted Label: 0
True Label: 1

Text: 打卡第三十九天，今天加班到七点，回去买点东西然后就快八点啦，然后然后天就黑了……感觉时间都不够用呀，也是这几天工作忙起来的原因吧，来来回回的跑[汗]，过两三天应该好一些，✊✊✊，更高处见 
Predicted Label: 0
True Label: 1

Text: 其他有收入的灵活就业者不会包括演员什么的吧
Predicted Label: 0
True Label: 1

Text: 当我们在埋怨地方政策的时候，我相信其实地方政府也窝着一把火，除了少数发国难财的蛆儿之外，地方政府也无可奈何！ #疫情# 
Predicted Label: 0
True Label: 1

Text: 大哥的桌，全屏十个号，快乐的打电脑 我的桌，日常在家办公，卑微的打工人 收到来自建水小伙伴寄来的豆腐和甜肠 刚好可以满足我最近可以不买菜 最近菜市场的菜真的是比买肉还贵 #日常碎片plog#  
Predicted Label: 0
True Label: 1

Text: #完善三孩生育政策配套措施# #3岁以下婴幼儿照护费纳入个税扣除# 加入个税扣除？这又能有几个钱啊[微笑][微笑][微笑]我都生三个我还在乎个税
Predicted Label: 0
True Label: 1

Text: 我同意！口袋罪  啥都往上按
Predicted Label: 0
True Label: 1

Text: 可怕的是政府变成黑社会。
Predicted Label: 0
True Label: 1

Text: 河北省三河市燕郊京贸物联批发市场，冒用电业局名义高额收取商户电费，每度1.2元，我向电业局举报，电业局责令整改，但他们仍然按每度1.2元收取商户的电费，只是把1.2元用二种票据开据。请有关部门调查自成立以后收取的电费用途及去向！ 2015年至今把多收的钱返还给百姓#冒用用电业局名义高额收电费# 
Predicted Label: 0
True Label: 1

Text: 鼓掌👏
Predicted Label: 0
True Label: 1

Text: 什么逻辑？？？
Predicted Label: 0
True Label: 1

Text: 破而不立怎么办？[嘻嘻][嘻嘻][嘻嘻]
Predicted Label: 0
True Label: 1

Text: 信息不透明，轨迹不通报，天黑就拉人，配送不公开，真的搞不懂明明可以堂堂正正做的事情干嘛让人感觉做的偷偷摸摸呢。 
Predicted Label: 0
True Label: 1

Text: 浙江省湖州市德清县武康秋山(现康乾街道)德清大道南侧【完全处于规划红线之外】私有合法房屋因不愿被征，被停水停电第3101天，被非法强拆第3063天@CCTV焦点访谈 @人民日报 @人民法院报 @法治与人生 @新京报 @中国周刊 @央视新闻 @人民网 @南方日报 @国务院公报 @最高人民法院  
Predicted Label: 0
True Label: 1

Text: 丧失理念信仰背弃初心使命的人真多啊。
Predicted Label: 0
True Label: 1

Text: 也是这段时间撕破了大家最后的幻想
Predicted Label: 0
True Label: 1

Text: 11月15日之后的市场是不可理喻的，不在于我满仓满融后大盘未涨还跌[笑cry]而在于北水未跑它先跌，人民币涨回来它还是跌，北证上房揭瓦它更跌的义无反顾。 那么大盘在跌什么？跌的不是外资回流，不是纳指预期见底，不是美元继续加息，更不是获利盘回吐，如果从2920点回血到3090点也叫获利的话。肯定也不 
Predicted Label: 0
True Label: 1

Text: 光明网要不要看看自己在说些什么？要不要看看这篇微博http://t.cn/A6NtVPFQ，山东淄博市政府在16年就发文禁止露天烧烤了，上海可以露天烧烤吗，小编去查过相关政策吗？存在安全隐患的景点不应该拆除应该有更好的管理办法，那昨天为什么要把网红打卡的保安亭子拆了[疑问][疑问
Predicted Label: 0
True Label: 1

Text: @徐小懒Yy 呵呵🙃，原来我们都月薪近万了啊
Predicted Label: 0
True Label: 1

Text: 转发微博[话筒]
Predicted Label: 0
True Label: 1

Text: 去跳广场舞吧，缓解焦虑
Predicted Label: 0
True Label: 1

Text: 本案#同案不同判#…行政复议决定维持行政违法行为应该属于人民法院行政案件受理范围，#天津三中院同案不同判#的，反#以不属于人民法院行政诉讼范围#驳回#原告汉沽区凯乐老年公寓#行政诉讼，丧尽司法公信力的！
Predicted Label: 0
True Label: 1

Text: 回复@FatalStone:同问[吃瓜]+1
Predicted Label: 0
True Label: 1

Text: #北京交通管制#北京交通管制真是没有下限了，一个多小时了还不解除。发声平台这么多以后能不能提前通知？不能通知的话能不能让领导快走两步？ 
Predicted Label: 0
True Label: 1

Text: #王建国 我也知道要少熬夜但没办法##王建国说出了当代打工人的无奈#看《#怎么办脱口秀专场#》@死胖子王建国 去医院体检，护士得知他的工作需要经常熬夜后，对他说：“健康才是你现在首先要重视的问题”[苦涩]@怎么办脱口秀专场 提醒大家平时也要少熬夜，加班需谨慎[跪了]这段简直说出了打工人的心声， 
Predicted Label: 0
True Label: 1

Text: 这是我看到现在为止，唯一一位说到点子上、看到问题内核的老艺术家。艺人本身需要约束自己的德行，也需要合法正规的协会进行监督。但ZB掌控一切的市场，只要后台够硬，品行不好的艺人，破坏法纪也能有恃无恐。恰恰德行好的艺人因不交保护费、不站队而被恶性FS。整顿娱乐圈要从整顿被ZB操控的市场开始。
Predicted Label: 0
True Label: 1

Text: (10.16周一预判） 国际形势不太平，外围市场动荡难免，大A其实已经不容易受他们影响了，大A会遵循自己的七年节奏在跌破3053之后迎来真正的行情，下周我们就会见证历史。 
Predicted Label: 0
True Label: 1

Text: 有点后悔回来了 落地上海 和上海人民同甘共苦 回了北京 七天隔离 全家人陪着我在家里封着 还得天天盯着哪个区不能去 要不是还得办签证再加上小家伙等着我回去我是真的不想再折腾了 爹妈给掏了快十万 前前后后隔离一个多月 图点啥 说句没什么社会责任感的话就是我不怕疫不疫情的 出门戴口罩 回家消毒洗 
Predicted Label: 0
True Label: 1

Text: 菩萨[泪]
Predicted Label: 0
True Label: 1

Text: 当短期战争即将结束时 长期战争也就刚刚开始 面对着高净值产品客户加杠杆 配资 举债的操作 知道你们很惨 惨正是反思时刻 面对10亿万计的外资围猎 面对金融市场我们都是小学生 万物皆可被割。 
Predicted Label: 0
True Label: 1

Text: 还有今天更开心的事，我确定了第一组拍摄家庭摄影照的朋友。 第一组很关键，因为要给我很多信心，要是拍不好，以后可能就没有以后了…… 我想找本小区的邻居，在小区群发布消息，这样省了交通时间，方便回家带娃，但是跟邻居不熟，我也不是外向的人，可能拍的时候比较拘谨。  或者是小区不远处的宝妈， 
Predicted Label: 0
True Label: 1

Text: 宁德市柘荣县持续深化集体林权制度改革，创新林业投融资机制，打通“绿水青山”到“金山银山”的转化通道。点赞，棒棒哒！
Predicted Label: 0
True Label: 1

Text: 想想还有60来天就逃离高中这个破地方，我就开心，虽然成绩不怎么样，以后也就是3，4k的工资，但我相信脑力劳动和体力劳动是决定不同的，我现在就是为什么题会这么难，每天都感觉像疯了 
Predicted Label: 0
True Label: 1

Text: 政府部门制造的垃圾工作太多
Predicted Label: 0
True Label: 1

Text: 放开的速度出乎想象，转向太快了。今天深圳已经全面放开所有场所都不查验核酸了。大家先各自保护好自己，市场这波行情估计能走到元旦之后 
Predicted Label: 0
True Label: 1

Text: 相信党不会容忍徐州不作为官员，解救被拐卖姐妹，彻查利益链再见朗朗乾坤@垂盆草颗粒:希望徐州丰县两级政府不要再继续吃着我党的饭，砸着我党的锅！也希望部分人士不要再把发声的网友打成行走的50万！我们就是人民群众，我们拥护党，我们团结在党中央周围，不代表我们需要无脑服从部分腌臜的地方政府。
Predicted Label: 0
True Label: 1

Text: 好久没来观音桥了。今天来闲逛，没想到在这个寸土寸金的地方，政府还打造了一个这样的小公园，逛街累了还可以来这里小憩一会儿，晒晒太阳，还是恋蛮惬意的。  
Predicted Label: 0
True Label: 1

Text: 支持支持支持！快点吧快点吧快点吧！
Predicted Label: 0
True Label: 1

Text: 心情很复杂，最想去的gwy考不上。 前两次教师招考，笔试顺利，但不了解说课和无领导的规则，两次被刷。第一次登台试讲，居然第一名通过，讲的是《谏太宗十思疏》。 只能说我足够幸运，既花了时间去准备我喜欢的，虽然失败；又在后期转方向备课磨课，一个半月顺利上岸很心仪的学校。 期间爸妈无数次劝我 
Predicted Label: 0
True Label: 1

Text: [允悲]郑州什么时候能不出幺蛾子新闻[跪了]
Predicted Label: 0
True Label: 1

Text: 中国散户现在这么牛的吗？6年获利2.34亿！ 中国散户坐庄美股，股数有3000只股票，大部分都是山东人。山东人这么低调的吗？身为中国人，宁愿坐庄美股，也不做庄A股。这下被罚了，罚了也是贡献美国的GDP，跟中国没关系了。 坐庄A股多好，韭菜数比美国多。韭菜可以多到收割不完，收割完了，下一波继续接上 
Predicted Label: 0
True Label: 1

Text: 爹的，永远不要吃饱了撑的！！ 今天我的mentor和我说她最近很忙，我心想我最近事情不多可以帮她分担点烦恼。结果给我推其他mentor那块儿了。好家伙拿着一份工资却要干两份活呗[苦涩][苦涩][苦涩][苦涩]还说着同一句话给我pua！！我气！ 
Predicted Label: 0
True Label: 1

Text: 支持
Predicted Label: 0
True Label: 1

Text: #唐山女孩被暴力围殴是所有人的噩梦# 昨天夜班收了一个女病人，也是无缘无故就被人用锤子砸头上去，流了很多血。 晚上的时候真的见了很多这种无缘无故被打伤的病人。 法治社会就这样了，什么都没有背景重要。遇到困难我们只能先被挨打，打不死就是命大，打死了也没有正义可申诉。 
Predicted Label: 0
True Label: 1

Text: 六月的第一天，可能是因为马上考试压力大，可能是又又又被ysjt刺激到，可能是军仔匆匆挂了我的电话，可能是一整天的肠胃不舒服…然后就变得很崩溃…可是我在尽量压制这种负能量，就好像身体里面有两种能量在战斗…#我要调整好心态，我要多关注自己，不要被ysjt困扰，我要开心生活[快乐糖]# 
Predicted Label: 0
True Label: 1

Text: 【河北省阜平县顾家台村：#返乡年轻人为乡村振兴赋能#】据@中国青年报  报道：2017年年底，顾家台村实现整体脱贫。它所在的阜平县也在2020年与全省其他61个贫困县一起脱贫摘帽。至此，河北省232.3万贫困人口全部脱贫、7746个贫困村全部出列。脱贫摘帽不是终点，而是新生活、新奋斗的起点。几年来，随着 
Predicted Label: 0
True Label: 1

Text: 城市更新在去年刮到我镇子里。以前这是泄洪渠后来放羊的去，现改造成公园，就附近没什么村民，得专门跑去游玩。就好奇镇政府收益多久能还完这笔账呐，铝厂早搬迁就剩一个关帝庙景点。市里推行的有房不借读，把年轻人家聚集在市里，镇子留下来的大都老年人。财政和人都空心了，肥的是谁呐。中午去逛的没 
Predicted Label: 0
True Label: 1

Text: 到底为什么城市要养烈性犬？？？能不能禁止啊我服了[汗]
Predicted Label: 0
True Label: 1

Text: 开学前做的核酸40😢
Predicted Label: 0
True Label: 1

